<?xml version="1.0" encoding="UTF-8"?>
<testsuite xmlns:xsi="http://www.w3.org/2001/XMLSchema-instance" xsi:noNamespaceSchemaLocation="https://maven.apache.org/surefire/maven-surefire-plugin/xsd/surefire-test-report-3.0.xsd" version="3.0" name="Com.Test_Runner.Test_Runner" time="30.327" tests="3" errors="0" skipped="0" failures="0">
  <properties>
[...]
</properties>
  <testcase name="Validate Dynamic Content functionality" classname="Validate functinaliy of the Internet application" time="3.384">
    <system-out><![CDATA[
Scenario: Validate Dynamic Content functionality            &amp#27;[90m# src/test/resource/com.featurefile/internet.feature:4&amp#27;[0m
  &amp#27;[32mGiven &amp#27;[0m&amp#27;[32mUser is on home page&amp#27;[0m                                &amp#27;[90m# Step_Definition.Step_Definition.user_is_on_home_page()&amp#27;[0m
  &amp#27;[32mWhen &amp#27;[0m&amp#27;[32mUser click on Content&amp#27;[0m                                &amp#27;[90m# Step_Definition.Step_Definition.user_click_on_content()&amp#27;[0m
  &amp#27;[32mAnd &amp#27;[0m&amp#27;[32mUser clicks on click here button&amp#27;[0m                      &amp#27;[90m# Step_Definition.Step_Definition.user_clicks_on_click_here_button()&amp#27;[0m
  &amp#27;[32mThen &amp#27;[0m&amp#27;[32mUser verify the changes after user click here button&amp#27;[0m &amp#27;[90m# Step_Definition.Step_Definition.user_verify_the_changes_after_user_click_here_button()&amp#27;[0m
  &amp#27;[32mWhen &amp#27;[0m&amp#27;[32mthe user comes back&amp#27;[0m                                  &amp#27;[90m# Step_Definition.Step_Definition.the_user_comes_back()&amp#27;[0m
]]></system-out>
    <system-err><![CDATA[SLF4J(W): No SLF4J providers were found.
SLF4J(W): Defaulting to no-operation (NOP) logger implementation
SLF4J(W): See https://www.slf4j.org/codes.html#noProviders for further details.
Sep 08, 2026 4:52:18 PM org.openqa.selenium.devtools.CdpVersionFinder findNearestMatch
WARNING: Unable to find CDP implementation matching 152
Sep 08, 2026 4:52:18 PM org.openqa.selenium.chromium.ChromiumDriver lambda$new$4
WARNING: Unable to find version of CDP to use for 152.0.7977.76. You may need to include a dependency on a specific version of the CDP using something similar to `org.seleniumhq.selenium:selenium-devtools-v86:4.28.0` where the version ("v86") matches the version of the chromium-based browser you're using and the version number of the artifact is the same as Selenium's.
]]></system-err>
  </testcase>
  <testcase name="To validate Dynamic Controls" classname="Validate functinaliy of the Internet application" time="15.432">
    <system-out><![CDATA[
Scenario: To validate Dynamic Controls   &amp#27;[90m# src/test/resource/com.featurefile/internet.feature:12&amp#27;[0m
  &amp#27;[32mWhen &amp#27;[0m&amp#27;[32muser click on Dynamic Controls&amp#27;[0m    &amp#27;[90m# Step_Definition.Step_Definition.user_click_on_dynamic_controls()&amp#27;[0m
  &amp#27;[32mAnd &amp#27;[0m&amp#27;[32muser click Add or Remove Checkbok&amp#27;[0m  &amp#27;[90m# Step_Definition.Step_Definition.user_click_add_remove_checkbok()&amp#27;[0m
  &amp#27;[32mAnd &amp#27;[0m&amp#27;[32muser click the Remove button&amp#27;[0m       &amp#27;[90m# Step_Definition.Step_Definition.user_click_the_remove_button()&amp#27;[0m
  &amp#27;[32mThen &amp#27;[0m&amp#27;[32muser verify the its gone text&amp#27;[0m     &amp#27;[90m# Step_Definition.Step_Definition.user_verify_the_it_s_gone_text()&amp#27;[0m
  &amp#27;[32mAnd &amp#27;[0m&amp#27;[32muser click the Add button&amp#27;[0m          &amp#27;[90m# Step_Definition.Step_Definition.user_click_the_add_button()&amp#27;[0m
  &amp#27;[32mThen &amp#27;[0m&amp#27;[32muser verify the its back text&amp#27;[0m     &amp#27;[90m# Step_Definition.Step_Definition.user_verify_the_it_s_back_text()&amp#27;[0m
  &amp#27;[32mAnd &amp#27;[0m&amp#27;[32muser click the Enable button&amp#27;[0m       &amp#27;[90m# Step_Definition.Step_Definition.user_click_the_enable_button()&amp#27;[0m
  &amp#27;[32mThen &amp#27;[0m&amp#27;[32muser verify the its enabled text&amp#27;[0m  &amp#27;[90m# Step_Definition.Step_Definition.user_verify_the_it_s_disabled_text()&amp#27;[0m
  &amp#27;[32mAnd &amp#27;[0m&amp#27;[32muser click the Disable button&amp#27;[0m      &amp#27;[90m# Step_Definition.Step_Definition.user_click_the_disable_button()&amp#27;[0m
  &amp#27;[32mThen &amp#27;[0m&amp#27;[32muser verify the its disabled text&amp#27;[0m &amp#27;[90m# Step_Definition.Step_Definition.user_verify_the_it_s_enabled_text()&amp#27;[0m
]]></system-out>
  </testcase>
  <testcase name="" classname="Validate functinaliy of the Internet application" time="2.119">
    <system-out><![CDATA[
Scenario:                                                &amp#27;[90m# src/test/resource/com.featurefile/internet.feature:26&amp#27;[0m
  &amp#27;[32mGiven &amp#27;[0m&amp#27;[32mUser is on entry add home page&amp#27;[0m                   &amp#27;[90m# Step_Definition.Step_Definition.user_is_on_entry_add_home_page()&amp#27;[0m
  &amp#27;[32mWhen &amp#27;[0m&amp#27;[32mUser clicks on the Entry Ad option&amp#27;[0m                &amp#27;[90m# Step_Definition.Step_Definition.user_clicks_on_the_entry_ad_option()&amp#27;[0m
  &amp#27;[32mAnd &amp#27;[0m&amp#27;[32muser clicks on the Click Here link in the Entry Ad&amp#27;[0m &amp#27;[90m# Step_Definition.Step_Definition.user_clicks_on_the_click_here_link_in_the_entry_ad()&amp#27;[0m
  &amp#27;[32mAnd &amp#27;[0m&amp#27;[32muser clicks the Close button on the Entry Ad popup&amp#27;[0m &amp#27;[90m# Step_Definition.Step_Definition.user_clicks_the_close_button_on_the_entry_ad_popup()&amp#27;[0m
]]></system-out>
  </testcase>
</testsuite>